<?xml version="1.0" encoding="UTF-8"?>
<testng-results ignored="0" total="1" passed="1" failed="0" skipped="0">
  <reporter-output>
  </reporter-output>
  <suite started-at="2023-07-27T12:07:15 IST" name="Suite" finished-at="2023-07-27T12:08:04 IST" duration-ms="49140">
    <groups>
    </groups>
    <test started-at="2023-07-27T12:07:15 IST" name="Test" finished-at="2023-07-27T12:08:04 IST" duration-ms="49140">
      <class name="com.zinghr.qa.testcases.ZingHrPunchInTest">
        <test-method is-config="true" signature="openBrowser(java.lang.String)[pri:0, instance:com.zinghr.qa.testcases.ZingHrPunchInTest@49049a04]" started-at="2023-07-27T12:07:15 IST" name="openBrowser" finished-at="2023-07-27T12:07:17 IST" duration-ms="2383" status="PASS">
          <params>
            <param index="0">
              <value>
                <![CDATA[chrome]]>
              </value>
            </param>
          </params>
          <reporter-output>
          </reporter-output>
        </test-method> <!-- openBrowser -->
        <test-method signature="punchIn()[pri:0, instance:com.zinghr.qa.testcases.ZingHrPunchInTest@49049a04]" started-at="2023-07-27T12:07:17 IST" name="punchIn" finished-at="2023-07-27T12:08:03 IST" duration-ms="46268" status="PASS">
          <reporter-output>
          </reporter-output>
        </test-method> <!-- punchIn -->
        <test-method is-config="true" signature="quitBrowser()[pri:0, instance:com.zinghr.qa.testcases.ZingHrPunchInTest@49049a04]" started-at="2023-07-27T12:08:03 IST" name="quitBrowser" finished-at="2023-07-27T12:08:04 IST" duration-ms="440" status="PASS">
          <reporter-output>
          </reporter-output>
        </test-method> <!-- quitBrowser -->
      </class> <!-- com.zinghr.qa.testcases.ZingHrPunchInTest -->
    </test> <!-- Test -->
  </suite> <!-- Suite -->
</testng-results>
